<?xml version="1.0" encoding="UTF-8"?>
<testsuite xmlns:xsi="http://www.w3.org/2001/XMLSchema-instance" xsi:noNamespaceSchemaLocation="https://maven.apache.org/surefire/maven-surefire-plugin/xsd/surefire-test-report.xsd" name="com.devxschool.summer.cucumber.testrunners.fooddelivery.UserRegistrationTest" time="0.004" tests="0" errors="0" skipped="0" failures="0">
  <properties>
    <property name="java.specification.version" value="14"/>
    <property name="sun.jnu.encoding" value="UTF-8"/>
    <property name="java.class.path" value="/Users/elvinabegimbaeva/Desktop/Projects/APIFramework/APIFramework/target/test-classes:/Users/elvinabegimbaeva/Desktop/Projects/APIFramework/APIFramework/target/classes:/Users/elvinabegimbaeva/.m2/repository/junit/junit/4.11/junit-4.11.jar:/Users/elvinabegimbaeva/.m2/repository/org/hamcrest/hamcrest-core/1.3/hamcrest-core-1.3.jar:/Users/elvinabegimbaeva/.m2/repository/io/cucumber/cucumber-junit/1.2.6/cucumber-junit-1.2.6.jar:/Users/elvinabegimbaeva/.m2/repository/io/cucumber/cucumber-java/1.2.6/cucumber-java-1.2.6.jar:/Users/elvinabegimbaeva/.m2/repository/io/cucumber/cucumber-core/1.2.6/cucumber-core-1.2.6.jar:/Users/elvinabegimbaeva/.m2/repository/info/cukes/cucumber-html/0.2.3/cucumber-html-0.2.3.jar:/Users/elvinabegimbaeva/.m2/repository/info/cukes/cucumber-jvm-deps/1.0.5/cucumber-jvm-deps-1.0.5.jar:/Users/elvinabegimbaeva/.m2/repository/info/cukes/gherkin/2.12.2/gherkin-2.12.2.jar:/Users/elvinabegimbaeva/.m2/repository/io/rest-assured/rest-assured/4.3.3/rest-assured-4.3.3.jar:/Users/elvinabegimbaeva/.m2/repository/org/codehaus/groovy/groovy/3.0.7/groovy-3.0.7.jar:/Users/elvinabegimbaeva/.m2/repository/org/codehaus/groovy/groovy-xml/3.0.7/groovy-xml-3.0.7.jar:/Users/elvinabegimbaeva/.m2/repository/org/apache/httpcomponents/httpclient/4.5.3/httpclient-4.5.3.jar:/Users/elvinabegimbaeva/.m2/repository/org/apache/httpcomponents/httpcore/4.4.6/httpcore-4.4.6.jar:/Users/elvinabegimbaeva/.m2/repository/commons-logging/commons-logging/1.2/commons-logging-1.2.jar:/Users/elvinabegimbaeva/.m2/repository/commons-codec/commons-codec/1.9/commons-codec-1.9.jar:/Users/elvinabegimbaeva/.m2/repository/org/apache/httpcomponents/httpmime/4.5.3/httpmime-4.5.3.jar:/Users/elvinabegimbaeva/.m2/repository/org/hamcrest/hamcrest/2.1/hamcrest-2.1.jar:/Users/elvinabegimbaeva/.m2/repository/org/ccil/cowan/tagsoup/tagsoup/1.2.1/tagsoup-1.2.1.jar:/Users/elvinabegimbaeva/.m2/repository/io/rest-assured/json-path/4.3.3/json-path-4.3.3.jar:/Users/elvinabegimbaeva/.m2/repository/org/codehaus/groovy/groovy-json/3.0.7/groovy-json-3.0.7.jar:/Users/elvinabegimbaeva/.m2/repository/io/rest-assured/rest-assured-common/4.3.3/rest-assured-common-4.3.3.jar:/Users/elvinabegimbaeva/.m2/repository/io/rest-assured/xml-path/4.3.3/xml-path-4.3.3.jar:/Users/elvinabegimbaeva/.m2/repository/org/apache/commons/commons-lang3/3.11/commons-lang3-3.11.jar:/Users/elvinabegimbaeva/.m2/repository/jakarta/xml/bind/jakarta.xml.bind-api/2.3.3/jakarta.xml.bind-api-2.3.3.jar:/Users/elvinabegimbaeva/.m2/repository/jakarta/activation/jakarta.activation-api/1.2.2/jakarta.activation-api-1.2.2.jar:/Users/elvinabegimbaeva/.m2/repository/com/sun/xml/bind/jaxb-impl/2.3.3/jaxb-impl-2.3.3.jar:/Users/elvinabegimbaeva/.m2/repository/org/hamcrest/hamcrest-all/1.3/hamcrest-all-1.3.jar:/Users/elvinabegimbaeva/.m2/repository/org/projectlombok/lombok/1.18.16/lombok-1.18.16.jar:/Users/elvinabegimbaeva/.m2/repository/com/google/code/gson/gson/2.8.6/gson-2.8.6.jar:/Users/elvinabegimbaeva/.m2/repository/io/cucumber/cucumber-picocontainer/1.2.6/cucumber-picocontainer-1.2.6.jar:/Users/elvinabegimbaeva/.m2/repository/org/picocontainer/picocontainer/2.15/picocontainer-2.15.jar:"/>
    <property name="java.vm.vendor" value="Oracle Corporation"/>
    <property name="sun.arch.data.model" value="64"/>
    <property name="java.vendor.url" value="https://openjdk.java.net/"/>
    <property name="os.name" value="Mac OS X"/>
    <property name="java.vm.specification.version" value="14"/>
    <property name="sun.java.launcher" value="SUN_STANDARD"/>
    <property name="user.country" value="US"/>
    <property name="sun.boot.library.path" value="/usr/local/Cellar/openjdk/14.0.1/libexec/openjdk.jdk/Contents/Home/lib"/>
    <property name="sun.java.command" value="/Users/elvinabegimbaeva/Desktop/Projects/APIFramework/APIFramework/target/surefire/surefirebooter14679687656596362516.jar /Users/elvinabegimbaeva/Desktop/Projects/APIFramework/APIFramework/target/surefire 2021-01-23T17-26-51_114-jvmRun1 surefire17860486068914801553tmp surefire_08824919283324434738tmp"/>
    <property name="http.nonProxyHosts" value="local|*.local|169.254/16|*.169.254/16"/>
    <property name="jdk.debug" value="release"/>
    <property name="surefire.test.class.path" value="/Users/elvinabegimbaeva/Desktop/Projects/APIFramework/APIFramework/target/test-classes:/Users/elvinabegimbaeva/Desktop/Projects/APIFramework/APIFramework/target/classes:/Users/elvinabegimbaeva/.m2/repository/junit/junit/4.11/junit-4.11.jar:/Users/elvinabegimbaeva/.m2/repository/org/hamcrest/hamcrest-core/1.3/hamcrest-core-1.3.jar:/Users/elvinabegimbaeva/.m2/repository/io/cucumber/cucumber-junit/1.2.6/cucumber-junit-1.2.6.jar:/Users/elvinabegimbaeva/.m2/repository/io/cucumber/cucumber-java/1.2.6/cucumber-java-1.2.6.jar:/Users/elvinabegimbaeva/.m2/repository/io/cucumber/cucumber-core/1.2.6/cucumber-core-1.2.6.jar:/Users/elvinabegimbaeva/.m2/repository/info/cukes/cucumber-html/0.2.3/cucumber-html-0.2.3.jar:/Users/elvinabegimbaeva/.m2/repository/info/cukes/cucumber-jvm-deps/1.0.5/cucumber-jvm-deps-1.0.5.jar:/Users/elvinabegimbaeva/.m2/repository/info/cukes/gherkin/2.12.2/gherkin-2.12.2.jar:/Users/elvinabegimbaeva/.m2/repository/io/rest-assured/rest-assured/4.3.3/rest-assured-4.3.3.jar:/Users/elvinabegimbaeva/.m2/repository/org/codehaus/groovy/groovy/3.0.7/groovy-3.0.7.jar:/Users/elvinabegimbaeva/.m2/repository/org/codehaus/groovy/groovy-xml/3.0.7/groovy-xml-3.0.7.jar:/Users/elvinabegimbaeva/.m2/repository/org/apache/httpcomponents/httpclient/4.5.3/httpclient-4.5.3.jar:/Users/elvinabegimbaeva/.m2/repository/org/apache/httpcomponents/httpcore/4.4.6/httpcore-4.4.6.jar:/Users/elvinabegimbaeva/.m2/repository/commons-logging/commons-logging/1.2/commons-logging-1.2.jar:/Users/elvinabegimbaeva/.m2/repository/commons-codec/commons-codec/1.9/commons-codec-1.9.jar:/Users/elvinabegimbaeva/.m2/repository/org/apache/httpcomponents/httpmime/4.5.3/httpmime-4.5.3.jar:/Users/elvinabegimbaeva/.m2/repository/org/hamcrest/hamcrest/2.1/hamcrest-2.1.jar:/Users/elvinabegimbaeva/.m2/repository/org/ccil/cowan/tagsoup/tagsoup/1.2.1/tagsoup-1.2.1.jar:/Users/elvinabegimbaeva/.m2/repository/io/rest-assured/json-path/4.3.3/json-path-4.3.3.jar:/Users/elvinabegimbaeva/.m2/repository/org/codehaus/groovy/groovy-json/3.0.7/groovy-json-3.0.7.jar:/Users/elvinabegimbaeva/.m2/repository/io/rest-assured/rest-assured-common/4.3.3/rest-assured-common-4.3.3.jar:/Users/elvinabegimbaeva/.m2/repository/io/rest-assured/xml-path/4.3.3/xml-path-4.3.3.jar:/Users/elvinabegimbaeva/.m2/repository/org/apache/commons/commons-lang3/3.11/commons-lang3-3.11.jar:/Users/elvinabegimbaeva/.m2/repository/jakarta/xml/bind/jakarta.xml.bind-api/2.3.3/jakarta.xml.bind-api-2.3.3.jar:/Users/elvinabegimbaeva/.m2/repository/jakarta/activation/jakarta.activation-api/1.2.2/jakarta.activation-api-1.2.2.jar:/Users/elvinabegimbaeva/.m2/repository/com/sun/xml/bind/jaxb-impl/2.3.3/jaxb-impl-2.3.3.jar:/Users/elvinabegimbaeva/.m2/repository/org/hamcrest/hamcrest-all/1.3/hamcrest-all-1.3.jar:/Users/elvinabegimbaeva/.m2/repository/org/projectlombok/lombok/1.18.16/lombok-1.18.16.jar:/Users/elvinabegimbaeva/.m2/repository/com/google/code/gson/gson/2.8.6/gson-2.8.6.jar:/Users/elvinabegimbaeva/.m2/repository/io/cucumber/cucumber-picocontainer/1.2.6/cucumber-picocontainer-1.2.6.jar:/Users/elvinabegimbaeva/.m2/repository/org/picocontainer/picocontainer/2.15/picocontainer-2.15.jar:"/>
    <property name="sun.cpu.endian" value="little"/>
    <property name="user.home" value="/Users/elvinabegimbaeva"/>
    <property name="user.language" value="en"/>
    <property name="java.specification.vendor" value="Oracle Corporation"/>
    <property name="java.version.date" value="2020-04-14"/>
    <property name="java.home" value="/usr/local/Cellar/openjdk/14.0.1/libexec/openjdk.jdk/Contents/Home"/>
    <property name="file.separator" value="/"/>
    <property name="basedir" value="/Users/elvinabegimbaeva/Desktop/Projects/APIFramework/APIFramework"/>
    <property name="java.vm.compressedOopsMode" value="Zero based"/>
    <property name="line.separator" value="&#10;"/>
    <property name="java.specification.name" value="Java Platform API Specification"/>
    <property name="java.vm.specification.vendor" value="Oracle Corporation"/>
    <property name="surefire.real.class.path" value="/Users/elvinabegimbaeva/Desktop/Projects/APIFramework/APIFramework/target/surefire/surefirebooter14679687656596362516.jar"/>
    <property name="sun.management.compiler" value="HotSpot 64-Bit Tiered Compilers"/>
    <property name="ftp.nonProxyHosts" value="local|*.local|169.254/16|*.169.254/16"/>
    <property name="java.runtime.version" value="14.0.1+14"/>
    <property name="user.name" value="elvinabegimbaeva"/>
    <property name="path.separator" value=":"/>
    <property name="os.version" value="10.16"/>
    <property name="java.runtime.name" value="OpenJDK Runtime Environment"/>
    <property name="file.encoding" value="UTF-8"/>
    <property name="java.vm.name" value="OpenJDK 64-Bit Server VM"/>
    <property name="localRepository" value="/Users/elvinabegimbaeva/.m2/repository"/>
    <property name="cucumber.options" value="--tags @successfullyCreateUser"/>
    <property name="java.vendor.url.bug" value="https://bugreport.java.com/bugreport/"/>
    <property name="java.io.tmpdir" value="/var/folders/5r/65t2s_t95xl7yc0sn5tv91p00000gn/T/"/>
    <property name="java.version" value="14.0.1"/>
    <property name="user.dir" value="/Users/elvinabegimbaeva/Desktop/Projects/APIFramework/APIFramework"/>
    <property name="os.arch" value="x86_64"/>
    <property name="java.vm.specification.name" value="Java Virtual Machine Specification"/>
    <property name="java.library.path" value="/Users/elvinabegimbaeva/Library/Java/Extensions:/Library/Java/Extensions:/Network/Library/Java/Extensions:/System/Library/Java/Extensions:/usr/lib/java:."/>
    <property name="java.vm.info" value="mixed mode, sharing"/>
    <property name="java.vendor" value="N/A"/>
    <property name="java.vm.version" value="14.0.1+14"/>
    <property name="sun.io.unicode.encoding" value="UnicodeBig"/>
    <property name="socksNonProxyHosts" value="local|*.local|169.254/16|*.169.254/16"/>
    <property name="java.class.version" value="58.0"/>
  </properties>
</testsuite>